2023-04-02 22:08:11.727469 - Initialized conversion of CBT135
2023-04-02 22:08:12.423471 - Received SBGOLOB.CBT505.FILE135 from FILE135.XMI 
2023-04-02 22:08:12.425065 - Found $CRYPT.bin containing application/octet-stream, moved to FILE135/$CRYPT
2023-04-02 22:08:12.426275 - Found $DECRYPT.bin containing application/octet-stream, moved to FILE135/$DECRYPT
2023-04-02 22:08:12.427600 - Found $ENCRYPT.bin containing application/octet-stream, moved to FILE135/$ENCRYPT
2023-04-02 22:08:12.428871 - Found $FREEALL.bin containing application/octet-stream, moved to FILE135/$FREEALL
2023-04-02 22:08:12.430030 - Found $HBLIST.bin containing application/octet-stream, moved to FILE135/$HBLIST
2023-04-02 22:08:12.431339 - Found $HMLIST.bin containing application/octet-stream, moved to FILE135/$HMLIST
2023-04-02 22:08:12.432410 - Found $HMLISTW.bin containing application/octet-stream, moved to FILE135/$HMLISTW
2023-04-02 22:08:12.433616 - Found $LCSPF.bin containing application/octet-stream, moved to FILE135/$LCSPF
2023-04-02 22:08:12.434814 - Found $LCSPFO.bin containing application/octet-stream, moved to FILE135/$LCSPFO
2023-04-02 22:08:12.436057 - Found $LISTC.bin containing application/octet-stream, moved to FILE135/$LISTC
2023-04-02 22:08:12.437254 - Found $LISTCO.bin containing application/octet-stream, moved to FILE135/$LISTCO
2023-04-02 22:08:12.438306 - Found $LISTM.bin containing application/octet-stream, moved to FILE135/$LISTM
2023-04-02 22:08:12.439660 - Found $LISTX.bin containing application/octet-stream, moved to FILE135/$LISTX
2023-04-02 22:08:12.441002 - Found $SPACE.bin containing application/octet-stream, moved to FILE135/$SPACE
2023-04-02 22:08:12.442218 - Found $SPACEO.bin containing application/octet-stream, moved to FILE135/$SPACEO
2023-04-02 22:08:12.443520 - Found ANIM1.bin containing application/octet-stream, moved to FILE135/ANIM1
2023-04-02 22:08:12.444845 - Found ANIM2.bin containing application/octet-stream, moved to FILE135/ANIM2
2023-04-02 22:08:12.445978 - Found ANIM3.bin containing application/octet-stream, moved to FILE135/ANIM3
2023-04-02 22:08:12.447416 - Found ANIM4.bin containing application/octet-stream, moved to FILE135/ANIM4
2023-04-02 22:08:12.448730 - Found ANIM5.bin containing application/octet-stream, moved to FILE135/ANIM5
2023-04-02 22:08:12.449912 - Found BR.bin containing application/octet-stream, moved to FILE135/BR
2023-04-02 22:08:12.451037 - Found CDSCB.bin containing application/octet-stream, moved to FILE135/CDSCB
2023-04-02 22:08:12.452154 - Found COMPARE.bin containing application/octet-stream, moved to FILE135/COMPARE
2023-04-02 22:08:12.453274 - Found COMPAREB.bin containing application/octet-stream, moved to FILE135/COMPAREB
2023-04-02 22:08:12.454282 - Found CONCAT.bin containing application/octet-stream, moved to FILE135/CONCAT
2023-04-02 22:08:12.455482 - Found CUBE.bin containing application/octet-stream, moved to FILE135/CUBE
2023-04-02 22:08:12.456620 - Found DCPU.bin containing application/octet-stream, moved to FILE135/DCPU
2023-04-02 22:08:12.457783 - Found DDASD.bin containing application/octet-stream, moved to FILE135/DDASD
2023-04-02 22:08:12.458983 - Found DELINKI.bin containing application/octet-stream, moved to FILE135/DELINKI
2023-04-02 22:08:12.460199 - Found DIVER.bin containing application/octet-stream, moved to FILE135/DIVER
2023-04-02 22:08:12.461484 - Found DUP.bin containing application/octet-stream, moved to FILE135/DUP
2023-04-02 22:08:12.462750 - Found DUPTIME.bin containing application/octet-stream, moved to FILE135/DUPTIME
2023-04-02 22:08:12.463790 - Found DWNSPDSR.bin containing application/octet-stream, moved to FILE135/DWNSPDSR
2023-04-02 22:08:12.464934 - Found FASTPATH.bin containing application/octet-stream, moved to FILE135/FASTPATH
2023-04-02 22:08:12.466015 - Found FLAG.bin containing application/octet-stream, moved to FILE135/FLAG
2023-04-02 22:08:12.467181 - Found FSH.bin containing application/octet-stream, moved to FILE135/FSH
2023-04-02 22:08:12.468519 - Found FSHELP.bin containing application/octet-stream, moved to FILE135/FSHELP
2023-04-02 22:08:12.470013 - Found GE2.bin containing application/octet-stream, moved to FILE135/GE2
2023-04-02 22:08:12.471023 - Found GRPSTR.bin containing application/octet-stream, moved to FILE135/GRPSTR
2023-04-02 22:08:12.472404 - Found HALFSNAK.bin containing application/octet-stream, moved to FILE135/HALFSNAK
2023-04-02 22:08:12.473718 - Found HALFTEST.bin containing application/octet-stream, moved to FILE135/HALFTEST
2023-04-02 22:08:12.474890 - Found HALFWORM.bin containing application/octet-stream, moved to FILE135/HALFWORM
2023-04-02 22:08:12.476150 - Found HEL.bin containing application/octet-stream, moved to FILE135/HEL
2023-04-02 22:08:12.477764 - Found HS.bin containing application/octet-stream, moved to FILE135/HS
2023-04-02 22:08:12.479014 - Found HW.bin containing application/octet-stream, moved to FILE135/HW
2023-04-02 22:08:12.480514 - Found IEFU83.bin containing application/octet-stream, moved to FILE135/IEFU83
2023-04-02 22:08:12.481750 - Found IKJEFF10.bin containing application/octet-stream, moved to FILE135/IKJEFF10
2023-04-02 22:08:12.483124 - Found IKJEFF53.bin containing application/octet-stream, moved to FILE135/IKJEFF53
2023-04-02 22:08:12.484669 - Found IKJT9FI.bin containing application/octet-stream, moved to FILE135/IKJT9FI
2023-04-02 22:08:12.485916 - Found IKJT9LB.bin containing application/octet-stream, moved to FILE135/IKJT9LB
2023-04-02 22:08:12.487092 - Found IM.bin containing application/octet-stream, moved to FILE135/IM
2023-04-02 22:08:12.488559 - Found IMAGE1.bin containing application/octet-stream, moved to FILE135/IMAGE1
2023-04-02 22:08:12.489836 - Found IMAGE2.bin containing application/octet-stream, moved to FILE135/IMAGE2
2023-04-02 22:08:12.490996 - Found IMDATGAT.bin containing application/octet-stream, moved to FILE135/IMDATGAT
2023-04-02 22:08:12.492526 - Found IMPXAGLS.bin containing application/octet-stream, moved to FILE135/IMPXAGLS
2023-04-02 22:08:12.494045 - Found IMPXASPY.bin containing application/octet-stream, moved to FILE135/IMPXASPY
2023-04-02 22:08:12.495273 - Found IMSPACER.bin containing application/octet-stream, moved to FILE135/IMSPACER
2023-04-02 22:08:12.496360 - Found ISFINIT.bin containing application/octet-stream, moved to FILE135/ISFINIT
2023-04-02 22:08:12.497584 - Found LC.bin containing application/octet-stream, moved to FILE135/LC
2023-04-02 22:08:12.498710 - Found LCAT.bin containing application/octet-stream, moved to FILE135/LCAT
2023-04-02 22:08:12.499705 - Found LIFE.bin containing application/octet-stream, moved to FILE135/LIFE
2023-04-02 22:08:12.500727 - Found LISTICAT.bin containing application/octet-stream, moved to FILE135/LISTICAT
2023-04-02 22:08:12.501826 - Found LISTPDS.bin containing application/octet-stream, moved to FILE135/LISTPDS
2023-04-02 22:08:12.502900 - Found LISTV.bin containing application/octet-stream, moved to FILE135/LISTV
2023-04-02 22:08:12.503907 - Found LISTVOL.bin containing application/octet-stream, moved to FILE135/LISTVOL
2023-04-02 22:08:12.504898 - Found LOGO.bin containing application/octet-stream, moved to FILE135/LOGO
2023-04-02 22:08:12.506040 - Found MINIUNZ.bin containing application/octet-stream, moved to FILE135/MINIUNZ
2023-04-02 22:08:12.507403 - Found MINIZIP.bin containing application/octet-stream, moved to FILE135/MINIZIP
2023-04-02 22:08:12.508868 - Found MONO.bin containing application/octet-stream, moved to FILE135/MONO
2023-04-02 22:08:12.510018 - Found MSGASIDX.bin containing application/octet-stream, moved to FILE135/MSGASIDX
2023-04-02 22:08:12.511253 - Found MSGFLUSH.bin containing application/octet-stream, moved to FILE135/MSGFLUSH
2023-04-02 22:08:12.512450 - Found MSGJOBLG.bin containing application/octet-stream, moved to FILE135/MSGJOBLG
2023-04-02 22:08:12.513521 - Found MSGNOJLG.bin containing application/octet-stream, moved to FILE135/MSGNOJLG
2023-04-02 22:08:12.514612 - Found MSGNOLOG.bin containing application/octet-stream, moved to FILE135/MSGNOLOG
2023-04-02 22:08:12.515789 - Found MSG2USER.bin containing application/octet-stream, moved to FILE135/MSG2USER
2023-04-02 22:08:12.516822 - Found NITEFLT.bin containing application/octet-stream, moved to FILE135/NITEFLT
2023-04-02 22:08:12.518021 - Found OFFLMOD.bin containing application/octet-stream, moved to FILE135/OFFLMOD
2023-04-02 22:08:12.519220 - Found OFFLOAD.bin containing application/octet-stream, moved to FILE135/OFFLOAD
2023-04-02 22:08:12.520385 - Found OFFLOADO.bin containing application/octet-stream, moved to FILE135/OFFLOADO
2023-04-02 22:08:12.521372 - Found OFFLOADW.bin containing application/octet-stream, moved to FILE135/OFFLOADW
2023-04-02 22:08:12.522523 - Found OFFLOAD1.bin containing application/octet-stream, moved to FILE135/OFFLOAD1
2023-04-02 22:08:12.523612 - Found PDS.bin containing application/octet-stream, moved to FILE135/PDS
2023-04-02 22:08:12.525158 - Found PDSLOAD.bin containing application/octet-stream, moved to FILE135/PDSLOAD
2023-04-02 22:08:12.526428 - Found PDSLOADO.bin containing application/octet-stream, moved to FILE135/PDSLOADO
2023-04-02 22:08:12.527824 - Found PDSLOADW.bin containing application/octet-stream, moved to FILE135/PDSLOADW
2023-04-02 22:08:12.529018 - Found PDSLOAD1.bin containing application/octet-stream, moved to FILE135/PDSLOAD1
2023-04-02 22:08:12.530369 - Found PDSLOAD2.bin containing application/octet-stream, moved to FILE135/PDSLOAD2
2023-04-02 22:08:12.531543 - Found PDSLOAD3.bin containing application/octet-stream, moved to FILE135/PDSLOAD3
2023-04-02 22:08:12.532474 - Found PDSLOAD4.bin containing application/octet-stream, moved to FILE135/PDSLOAD4
2023-04-02 22:08:12.533406 - Found PDS38.bin containing application/octet-stream, moved to FILE135/PDS38
2023-04-02 22:08:12.534778 - Found PDS86.bin containing application/octet-stream, moved to FILE135/PDS86
2023-04-02 22:08:12.536125 - Found PDS8638.bin containing application/octet-stream, moved to FILE135/PDS8638
2023-04-02 22:08:12.537973 - Found PROGRAM.bin containing application/octet-stream, moved to FILE135/PROGRAM
2023-04-02 22:08:12.539146 - Found PS.bin containing application/octet-stream, moved to FILE135/PS
2023-04-02 22:08:12.540316 - Found PS2.bin containing application/octet-stream, moved to FILE135/PS2
2023-04-02 22:08:12.541358 - Found PS3.bin containing application/octet-stream, moved to FILE135/PS3
2023-04-02 22:08:12.542456 - Found PS4.bin containing application/octet-stream, moved to FILE135/PS4
2023-04-02 22:08:12.543526 - Found PS5.bin containing application/octet-stream, moved to FILE135/PS5
2023-04-02 22:08:12.544663 - Found PS6.bin containing application/octet-stream, moved to FILE135/PS6
2023-04-02 22:08:12.545726 - Found PS7.bin containing application/octet-stream, moved to FILE135/PS7
2023-04-02 22:08:12.546927 - Found QS.bin containing application/octet-stream, moved to FILE135/QS
2023-04-02 22:08:12.548121 - Found QUARTERS.bin containing application/octet-stream, moved to FILE135/QUARTERS
2023-04-02 22:08:12.549235 - Found QUARTERW.bin containing application/octet-stream, moved to FILE135/QUARTERW
2023-04-02 22:08:12.550393 - Found QUARTEST.bin containing application/octet-stream, moved to FILE135/QUARTEST
2023-04-02 22:08:12.551619 - Found QW.bin containing application/octet-stream, moved to FILE135/QW
2023-04-02 22:08:12.552657 - Found REV.bin containing application/octet-stream, moved to FILE135/REV
2023-04-02 22:08:12.554125 - Found REVCAT.bin containing application/octet-stream, moved to FILE135/REVCAT
2023-04-02 22:08:12.555213 - Found REVED.bin containing application/octet-stream, moved to FILE135/REVED
2023-04-02 22:08:12.556396 - Found REVIEW.bin containing application/octet-stream, moved to FILE135/REVIEW
2023-04-02 22:08:12.558079 - Found REVIEWO.bin containing application/octet-stream, moved to FILE135/REVIEWO
2023-04-02 22:08:12.559547 - Found REVIEWT.bin containing application/octet-stream, moved to FILE135/REVIEWT
2023-04-02 22:08:12.560761 - Found REVLEV.bin containing application/octet-stream, moved to FILE135/REVLEV
2023-04-02 22:08:12.562188 - Found REVLMOD.bin containing application/octet-stream, moved to FILE135/REVLMOD
2023-04-02 22:08:12.563307 - Found REVLPDS.bin containing application/octet-stream, moved to FILE135/REVLPDS
2023-04-02 22:08:12.564310 - Found REVMAP.bin containing application/octet-stream, moved to FILE135/REVMAP
2023-04-02 22:08:12.565599 - Found REVO.bin containing application/octet-stream, moved to FILE135/REVO
2023-04-02 22:08:12.566713 - Found REVOUT.bin containing application/octet-stream, moved to FILE135/REVOUT
2023-04-02 22:08:12.568213 - Found REVSMF.bin containing application/octet-stream, moved to FILE135/REVSMF
2023-04-02 22:08:12.569334 - Found REVTOCRD.bin containing application/octet-stream, moved to FILE135/REVTOCRD
2023-04-02 22:08:12.570317 - Found REVVSAM.bin containing application/octet-stream, moved to FILE135/REVVSAM
2023-04-02 22:08:12.571617 - Found REV38.bin containing application/octet-stream, moved to FILE135/REV38
2023-04-02 22:08:12.572786 - Found REV38N.bin containing application/octet-stream, moved to FILE135/REV38N
2023-04-02 22:08:12.574132 - Found RFE.bin containing application/octet-stream, moved to FILE135/RFE
2023-04-02 22:08:12.575821 - Found SABREBAT.bin containing application/octet-stream, moved to FILE135/SABREBAT
2023-04-02 22:08:12.576974 - Found SCANX.bin containing application/octet-stream, moved to FILE135/SCANX
2023-04-02 22:08:12.578208 - Found SDS.bin containing application/octet-stream, moved to FILE135/SDS
2023-04-02 22:08:12.579453 - Found SHOWDS.bin containing application/octet-stream, moved to FILE135/SHOWDS
2023-04-02 22:08:12.580592 - Found SHOWMVS.bin containing application/octet-stream, moved to FILE135/SHOWMVS
2023-04-02 22:08:12.581954 - Found SHOWZOS.bin containing application/octet-stream, moved to FILE135/SHOWZOS
2023-04-02 22:08:12.583493 - Found SHOW710.bin containing application/octet-stream, moved to FILE135/SHOW710
2023-04-02 22:08:12.584967 - Found SHOW716.bin containing application/octet-stream, moved to FILE135/SHOW716
2023-04-02 22:08:12.586429 - Found SHOW720.bin containing application/octet-stream, moved to FILE135/SHOW720
2023-04-02 22:08:12.587572 - Found SHOW721.bin containing application/octet-stream, moved to FILE135/SHOW721
2023-04-02 22:08:12.588834 - Found SHO9716.bin containing application/octet-stream, moved to FILE135/SHO9716
2023-04-02 22:08:12.590019 - Found SHUTTLE.bin containing application/octet-stream, moved to FILE135/SHUTTLE
2023-04-02 22:08:12.591025 - Found SKJ$LCOO.bin containing application/octet-stream, moved to FILE135/SKJ$LCOO
2023-04-02 22:08:12.591904 - Found SKJ$LC00.bin containing application/octet-stream, moved to FILE135/SKJ$LC00
2023-04-02 22:08:12.592752 - Found SMFJBTIM.bin containing application/octet-stream, moved to FILE135/SMFJBTIM
2023-04-02 22:08:12.593598 - Found SNAKE.bin containing application/octet-stream, moved to FILE135/SNAKE
2023-04-02 22:08:12.594457 - Found SUPERLST.bin containing application/octet-stream, moved to FILE135/SUPERLST
2023-04-02 22:08:12.595410 - Found TERMTEST.bin containing application/octet-stream, moved to FILE135/TERMTEST
2023-04-02 22:08:12.596310 - Found TESTDCS.bin containing application/octet-stream, moved to FILE135/TESTDCS
2023-04-02 22:08:12.597208 - Found TESTDCS2.bin containing application/octet-stream, moved to FILE135/TESTDCS2
2023-04-02 22:08:12.598094 - Found TEWM.bin containing application/octet-stream, moved to FILE135/TEWM
2023-04-02 22:08:12.599015 - Found TSOPNAME.bin containing application/octet-stream, moved to FILE135/TSOPNAME
2023-04-02 22:08:12.599906 - Found UIDSTR.bin containing application/octet-stream, moved to FILE135/UIDSTR
2023-04-02 22:08:12.600812 - Found VIEW.bin containing application/octet-stream, moved to FILE135/VIEW
2023-04-02 22:08:12.601681 - Found WORM.bin containing application/octet-stream, moved to FILE135/WORM
2023-04-02 22:08:12.602562 - Found WORMTEST.bin containing application/octet-stream, moved to FILE135/WORMTEST
2023-04-02 22:08:12.603701 - Found ZAP.bin containing application/octet-stream, moved to FILE135/ZAP
2023-04-02 22:08:12.605096 - Found ZAP$.bin containing application/octet-stream, moved to FILE135/ZAP$
2023-04-02 22:08:12.606452 - No @FILExxx or @FILxxxx detected, creating README.md without extra info
